{"C:\\Users\\kevin\\Documents\\Codigo\\Cursos\\NodeJs-De_cero_a_experto\\node-webrest-server-v2\\src\\app.ts": {"path":"C:\\Users\\kevin\\Documents\\Codigo\\Cursos\\NodeJs-De_cero_a_experto\\node-webrest-server-v2\\src\\app.ts","all":false,"statementMap":{"0":{"start":{"line":1,"column":0},"end":{"line":1,"column":36}},"1":{"start":{"line":2,"column":0},"end":{"line":2,"column":49}},"2":{"start":{"line":3,"column":0},"end":{"line":3,"column":46}},"3":{"start":{"line":4,"column":0},"end":{"line":4,"column":0}},"4":{"start":{"line":5,"column":0},"end":{"line":5,"column":0}},"5":{"start":{"line":6,"column":0},"end":{"line":6,"column":8}},"6":{"start":{"line":7,"column":0},"end":{"line":7,"column":10}},"7":{"start":{"line":8,"column":0},"end":{"line":8,"column":4}},"8":{"start":{"line":9,"column":0},"end":{"line":9,"column":0}},"9":{"start":{"line":10,"column":0},"end":{"line":10,"column":16}},"10":{"start":{"line":11,"column":0},"end":{"line":11,"column":31}},"11":{"start":{"line":12,"column":0},"end":{"line":12,"column":24}},"12":{"start":{"line":13,"column":0},"end":{"line":13,"column":38}},"13":{"start":{"line":14,"column":0},"end":{"line":14,"column":33}},"14":{"start":{"line":15,"column":0},"end":{"line":15,"column":6}},"15":{"start":{"line":16,"column":0},"end":{"line":16,"column":18}},"16":{"start":{"line":17,"column":0},"end":{"line":17,"column":1}}},"s":{"0":1,"1":1,"2":1,"3":1,"4":1,"5":1,"6":1,"7":1,"8":1,"9":1,"10":1,"11":1,"12":1,"13":1,"14":1,"15":1,"16":1},"branchMap":{"0":{"type":"branch","line":6,"loc":{"start":{"line":6,"column":1},"end":{"line":8,"column":2}},"locations":[{"start":{"line":6,"column":1},"end":{"line":8,"column":2}}]},"1":{"type":"branch","line":10,"loc":{"start":{"line":10,"column":0},"end":{"line":17,"column":1}},"locations":[{"start":{"line":10,"column":0},"end":{"line":17,"column":1}}]}},"b":{"0":[1],"1":[1]},"fnMap":{"0":{"name":"main","decl":{"start":{"line":10,"column":0},"end":{"line":17,"column":1}},"loc":{"start":{"line":10,"column":0},"end":{"line":17,"column":1}},"line":10}},"f":{"0":1}}
,"C:\\Users\\kevin\\Documents\\Codigo\\Cursos\\NodeJs-De_cero_a_experto\\node-webrest-server-v2\\src\\config\\envs.ts": {"path":"C:\\Users\\kevin\\Documents\\Codigo\\Cursos\\NodeJs-De_cero_a_experto\\node-webrest-server-v2\\src\\config\\envs.ts","all":false,"statementMap":{"0":{"start":{"line":1,"column":0},"end":{"line":1,"column":23}},"1":{"start":{"line":2,"column":0},"end":{"line":2,"column":30}},"2":{"start":{"line":3,"column":0},"end":{"line":3,"column":0}},"3":{"start":{"line":4,"column":0},"end":{"line":4,"column":21}},"4":{"start":{"line":5,"column":0},"end":{"line":5,"column":48}},"5":{"start":{"line":6,"column":0},"end":{"line":6,"column":65}},"6":{"start":{"line":7,"column":0},"end":{"line":7,"column":1}}},"s":{"0":1,"1":1,"2":1,"3":1,"4":1,"5":1,"6":1},"branchMap":{},"b":{},"fnMap":{},"f":{}}
,"C:\\Users\\kevin\\Documents\\Codigo\\Cursos\\NodeJs-De_cero_a_experto\\node-webrest-server-v2\\src\\data\\postgres\\index.ts": {"path":"C:\\Users\\kevin\\Documents\\Codigo\\Cursos\\NodeJs-De_cero_a_experto\\node-webrest-server-v2\\src\\data\\postgres\\index.ts","all":false,"statementMap":{"0":{"start":{"line":1,"column":0},"end":{"line":1,"column":46}},"1":{"start":{"line":2,"column":0},"end":{"line":2,"column":0}},"2":{"start":{"line":3,"column":0},"end":{"line":3,"column":40}}},"s":{"0":1,"1":1,"2":1},"branchMap":{},"b":{},"fnMap":{},"f":{}}
,"C:\\Users\\kevin\\Documents\\Codigo\\Cursos\\NodeJs-De_cero_a_experto\\node-webrest-server-v2\\src\\domain\\index.ts": {"path":"C:\\Users\\kevin\\Documents\\Codigo\\Cursos\\NodeJs-De_cero_a_experto\\node-webrest-server-v2\\src\\domain\\index.ts","all":false,"statementMap":{"0":{"start":{"line":1,"column":0},"end":{"line":1,"column":0}},"1":{"start":{"line":2,"column":0},"end":{"line":2,"column":46}},"2":{"start":{"line":3,"column":0},"end":{"line":3,"column":23}},"3":{"start":{"line":4,"column":0},"end":{"line":4,"column":39}},"4":{"start":{"line":5,"column":0},"end":{"line":5,"column":47}},"5":{"start":{"line":6,"column":0},"end":{"line":6,"column":0}},"6":{"start":{"line":7,"column":0},"end":{"line":7,"column":38}},"7":{"start":{"line":8,"column":0},"end":{"line":8,"column":0}},"8":{"start":{"line":9,"column":0},"end":{"line":9,"column":40}},"9":{"start":{"line":10,"column":0},"end":{"line":10,"column":40}},"10":{"start":{"line":11,"column":0},"end":{"line":11,"column":37}},"11":{"start":{"line":12,"column":0},"end":{"line":12,"column":41}},"12":{"start":{"line":13,"column":0},"end":{"line":13,"column":40}}},"s":{"0":1,"1":1,"2":1,"3":1,"4":1,"5":1,"6":1,"7":1,"8":1,"9":1,"10":1,"11":1,"12":1},"branchMap":{},"b":{},"fnMap":{},"f":{}}
,"C:\\Users\\kevin\\Documents\\Codigo\\Cursos\\NodeJs-De_cero_a_experto\\node-webrest-server-v2\\src\\domain\\dtos\\todos\\create-todo.dto.ts": {"path":"C:\\Users\\kevin\\Documents\\Codigo\\Cursos\\NodeJs-De_cero_a_experto\\node-webrest-server-v2\\src\\domain\\dtos\\todos\\create-todo.dto.ts","all":false,"statementMap":{"0":{"start":{"line":1,"column":0},"end":{"line":1,"column":0}},"1":{"start":{"line":2,"column":0},"end":{"line":2,"column":0}},"2":{"start":{"line":3,"column":0},"end":{"line":3,"column":28}},"3":{"start":{"line":4,"column":0},"end":{"line":4,"column":0}},"4":{"start":{"line":5,"column":0},"end":{"line":5,"column":24}},"5":{"start":{"line":6,"column":0},"end":{"line":6,"column":37}},"6":{"start":{"line":7,"column":0},"end":{"line":7,"column":9}},"7":{"start":{"line":8,"column":0},"end":{"line":8,"column":0}},"8":{"start":{"line":9,"column":0},"end":{"line":9,"column":77}},"9":{"start":{"line":10,"column":0},"end":{"line":10,"column":0}},"10":{"start":{"line":11,"column":0},"end":{"line":11,"column":30}},"11":{"start":{"line":12,"column":0},"end":{"line":12,"column":0}},"12":{"start":{"line":13,"column":0},"end":{"line":13,"column":90}},"13":{"start":{"line":14,"column":0},"end":{"line":14,"column":0}},"14":{"start":{"line":15,"column":0},"end":{"line":15,"column":51}},"15":{"start":{"line":16,"column":0},"end":{"line":16,"column":5}},"16":{"start":{"line":17,"column":0},"end":{"line":17,"column":0}},"17":{"start":{"line":18,"column":0},"end":{"line":18,"column":1}}},"s":{"0":1,"1":1,"2":1,"3":1,"4":1,"5":1,"6":1,"7":1,"8":1,"9":3,"10":3,"11":3,"12":3,"13":1,"14":1,"15":1,"16":1,"17":1},"branchMap":{"0":{"type":"branch","line":5,"loc":{"start":{"line":5,"column":4},"end":{"line":7,"column":9}},"locations":[{"start":{"line":5,"column":4},"end":{"line":7,"column":9}}]},"1":{"type":"branch","line":9,"loc":{"start":{"line":9,"column":11},"end":{"line":16,"column":5}},"locations":[{"start":{"line":9,"column":11},"end":{"line":16,"column":5}}]},"2":{"type":"branch","line":13,"loc":{"start":{"line":13,"column":18},"end":{"line":13,"column":39}},"locations":[{"start":{"line":13,"column":18},"end":{"line":13,"column":39}}]},"3":{"type":"branch","line":13,"loc":{"start":{"line":13,"column":42},"end":{"line":13,"column":90}},"locations":[{"start":{"line":13,"column":42},"end":{"line":13,"column":90}}]},"4":{"type":"branch","line":14,"loc":{"start":{"line":14,"column":-2},"end":{"line":16,"column":5}},"locations":[{"start":{"line":14,"column":-2},"end":{"line":16,"column":5}}]}},"b":{"0":[1],"1":[3],"2":[1],"3":[2],"4":[1]},"fnMap":{"0":{"name":"CreateTodoDto","decl":{"start":{"line":5,"column":4},"end":{"line":7,"column":9}},"loc":{"start":{"line":5,"column":4},"end":{"line":7,"column":9}},"line":5},"1":{"name":"create","decl":{"start":{"line":9,"column":11},"end":{"line":16,"column":5}},"loc":{"start":{"line":9,"column":11},"end":{"line":16,"column":5}},"line":9}},"f":{"0":1,"1":3}}
,"C:\\Users\\kevin\\Documents\\Codigo\\Cursos\\NodeJs-De_cero_a_experto\\node-webrest-server-v2\\src\\domain\\errors\\custom.error.ts": {"path":"C:\\Users\\kevin\\Documents\\Codigo\\Cursos\\NodeJs-De_cero_a_experto\\node-webrest-server-v2\\src\\domain\\errors\\custom.error.ts","all":false,"statementMap":{"0":{"start":{"line":1,"column":0},"end":{"line":1,"column":0}},"1":{"start":{"line":2,"column":0},"end":{"line":2,"column":0}},"2":{"start":{"line":3,"column":0},"end":{"line":3,"column":40}},"3":{"start":{"line":4,"column":0},"end":{"line":4,"column":0}},"4":{"start":{"line":5,"column":0},"end":{"line":5,"column":16}},"5":{"start":{"line":6,"column":0},"end":{"line":6,"column":40}},"6":{"start":{"line":7,"column":0},"end":{"line":7,"column":49}},"7":{"start":{"line":8,"column":0},"end":{"line":8,"column":6}},"8":{"start":{"line":9,"column":0},"end":{"line":9,"column":23}},"9":{"start":{"line":10,"column":0},"end":{"line":10,"column":5}},"10":{"start":{"line":11,"column":0},"end":{"line":11,"column":0}},"11":{"start":{"line":12,"column":0},"end":{"line":12,"column":1}}},"s":{"0":1,"1":1,"2":1,"3":1,"4":1,"5":3,"6":3,"7":3,"8":3,"9":3,"10":1,"11":1},"branchMap":{"0":{"type":"branch","line":5,"loc":{"start":{"line":5,"column":4},"end":{"line":10,"column":5}},"locations":[{"start":{"line":5,"column":4},"end":{"line":10,"column":5}}]}},"b":{"0":[3]},"fnMap":{"0":{"name":"CustomError","decl":{"start":{"line":5,"column":4},"end":{"line":10,"column":5}},"loc":{"start":{"line":5,"column":4},"end":{"line":10,"column":5}},"line":5}},"f":{"0":3}}
,"C:\\Users\\kevin\\Documents\\Codigo\\Cursos\\NodeJs-De_cero_a_experto\\node-webrest-server-v2\\src\\infrastructure\\datasources\\todo.datasource.impl.ts": {"path":"C:\\Users\\kevin\\Documents\\Codigo\\Cursos\\NodeJs-De_cero_a_experto\\node-webrest-server-v2\\src\\infrastructure\\datasources\\todo.datasource.impl.ts","all":false,"statementMap":{"0":{"start":{"line":1,"column":0},"end":{"line":1,"column":45}},"1":{"start":{"line":2,"column":0},"end":{"line":2,"column":101}},"2":{"start":{"line":3,"column":0},"end":{"line":3,"column":0}},"3":{"start":{"line":4,"column":0},"end":{"line":4,"column":0}},"4":{"start":{"line":5,"column":0},"end":{"line":5,"column":59}},"5":{"start":{"line":6,"column":0},"end":{"line":6,"column":0}},"6":{"start":{"line":7,"column":0},"end":{"line":7,"column":69}},"7":{"start":{"line":8,"column":0},"end":{"line":8,"column":47}},"8":{"start":{"line":9,"column":0},"end":{"line":9,"column":32}},"9":{"start":{"line":10,"column":0},"end":{"line":10,"column":11}},"10":{"start":{"line":11,"column":0},"end":{"line":11,"column":0}},"11":{"start":{"line":12,"column":0},"end":{"line":12,"column":42}},"12":{"start":{"line":13,"column":0},"end":{"line":13,"column":5}},"13":{"start":{"line":14,"column":0},"end":{"line":14,"column":0}},"14":{"start":{"line":15,"column":0},"end":{"line":15,"column":43}},"15":{"start":{"line":16,"column":0},"end":{"line":16,"column":51}},"16":{"start":{"line":17,"column":0},"end":{"line":17,"column":47}},"17":{"start":{"line":18,"column":0},"end":{"line":18,"column":5}},"18":{"start":{"line":19,"column":0},"end":{"line":19,"column":0}},"19":{"start":{"line":20,"column":0},"end":{"line":20,"column":53}},"20":{"start":{"line":21,"column":0},"end":{"line":21,"column":68}},"21":{"start":{"line":22,"column":0},"end":{"line":22,"column":79}},"22":{"start":{"line":23,"column":0},"end":{"line":23,"column":0}},"23":{"start":{"line":24,"column":0},"end":{"line":24,"column":42}},"24":{"start":{"line":25,"column":0},"end":{"line":25,"column":5}},"25":{"start":{"line":26,"column":0},"end":{"line":26,"column":0}},"26":{"start":{"line":27,"column":0},"end":{"line":27,"column":73}},"27":{"start":{"line":28,"column":0},"end":{"line":28,"column":46}},"28":{"start":{"line":29,"column":0},"end":{"line":29,"column":54}},"29":{"start":{"line":30,"column":0},"end":{"line":30,"column":44}},"30":{"start":{"line":31,"column":0},"end":{"line":31,"column":39}},"31":{"start":{"line":32,"column":0},"end":{"line":32,"column":11}},"32":{"start":{"line":33,"column":0},"end":{"line":33,"column":0}},"33":{"start":{"line":34,"column":0},"end":{"line":34,"column":50}},"34":{"start":{"line":35,"column":0},"end":{"line":35,"column":5}},"35":{"start":{"line":36,"column":0},"end":{"line":36,"column":0}},"36":{"start":{"line":37,"column":0},"end":{"line":37,"column":55}},"37":{"start":{"line":38,"column":0},"end":{"line":38,"column":32}},"38":{"start":{"line":39,"column":0},"end":{"line":39,"column":68}},"39":{"start":{"line":40,"column":0},"end":{"line":40,"column":0}},"40":{"start":{"line":41,"column":0},"end":{"line":41,"column":46}},"41":{"start":{"line":42,"column":0},"end":{"line":42,"column":5}},"42":{"start":{"line":43,"column":0},"end":{"line":43,"column":0}},"43":{"start":{"line":44,"column":0},"end":{"line":44,"column":1}}},"s":{"0":1,"1":1,"2":1,"3":1,"4":1,"5":1,"6":1,"7":1,"8":1,"9":1,"10":1,"11":1,"12":1,"13":1,"14":1,"15":1,"16":1,"17":1,"18":1,"19":1,"20":7,"21":7,"22":4,"23":4,"24":4,"25":1,"26":1,"27":3,"28":2,"29":2,"30":2,"31":2,"32":2,"33":2,"34":2,"35":1,"36":1,"37":2,"38":1,"39":1,"40":1,"41":1,"42":1,"43":1},"branchMap":{"0":{"type":"branch","line":7,"loc":{"start":{"line":7,"column":10},"end":{"line":13,"column":5}},"locations":[{"start":{"line":7,"column":10},"end":{"line":13,"column":5}}]},"1":{"type":"branch","line":15,"loc":{"start":{"line":15,"column":10},"end":{"line":18,"column":5}},"locations":[{"start":{"line":15,"column":10},"end":{"line":18,"column":5}}]},"2":{"type":"branch","line":20,"loc":{"start":{"line":20,"column":10},"end":{"line":25,"column":5}},"locations":[{"start":{"line":20,"column":10},"end":{"line":25,"column":5}}]},"3":{"type":"branch","line":22,"loc":{"start":{"line":22,"column":19},"end":{"line":22,"column":79}},"locations":[{"start":{"line":22,"column":19},"end":{"line":22,"column":79}}]},"4":{"type":"branch","line":23,"loc":{"start":{"line":23,"column":-2},"end":{"line":25,"column":5}},"locations":[{"start":{"line":23,"column":-2},"end":{"line":25,"column":5}}]},"5":{"type":"branch","line":27,"loc":{"start":{"line":27,"column":10},"end":{"line":35,"column":5}},"locations":[{"start":{"line":27,"column":10},"end":{"line":35,"column":5}}]},"6":{"type":"branch","line":29,"loc":{"start":{"line":29,"column":-2},"end":{"line":35,"column":5}},"locations":[{"start":{"line":29,"column":-2},"end":{"line":35,"column":5}}]},"7":{"type":"branch","line":37,"loc":{"start":{"line":37,"column":10},"end":{"line":42,"column":5}},"locations":[{"start":{"line":37,"column":10},"end":{"line":42,"column":5}}]},"8":{"type":"branch","line":39,"loc":{"start":{"line":39,"column":-2},"end":{"line":42,"column":5}},"locations":[{"start":{"line":39,"column":-2},"end":{"line":42,"column":5}}]}},"b":{"0":[1],"1":[1],"2":[7],"3":[3],"4":[4],"5":[3],"6":[2],"7":[2],"8":[1]},"fnMap":{"0":{"name":"create","decl":{"start":{"line":7,"column":10},"end":{"line":13,"column":5}},"loc":{"start":{"line":7,"column":10},"end":{"line":13,"column":5}},"line":7},"1":{"name":"getAll","decl":{"start":{"line":15,"column":10},"end":{"line":18,"column":5}},"loc":{"start":{"line":15,"column":10},"end":{"line":18,"column":5}},"line":15},"2":{"name":"findById","decl":{"start":{"line":20,"column":10},"end":{"line":25,"column":5}},"loc":{"start":{"line":20,"column":10},"end":{"line":25,"column":5}},"line":20},"3":{"name":"updateById","decl":{"start":{"line":27,"column":10},"end":{"line":35,"column":5}},"loc":{"start":{"line":27,"column":10},"end":{"line":35,"column":5}},"line":27},"4":{"name":"deleteById","decl":{"start":{"line":37,"column":10},"end":{"line":42,"column":5}},"loc":{"start":{"line":37,"column":10},"end":{"line":42,"column":5}},"line":37}},"f":{"0":1,"1":1,"2":7,"3":3,"4":2}}
,"C:\\Users\\kevin\\Documents\\Codigo\\Cursos\\NodeJs-De_cero_a_experto\\node-webrest-server-v2\\src\\presentation\\Server.ts": {"path":"C:\\Users\\kevin\\Documents\\Codigo\\Cursos\\NodeJs-De_cero_a_experto\\node-webrest-server-v2\\src\\presentation\\Server.ts","all":false,"statementMap":{"0":{"start":{"line":1,"column":0},"end":{"line":1,"column":42}},"1":{"start":{"line":2,"column":0},"end":{"line":2,"column":38}},"2":{"start":{"line":3,"column":0},"end":{"line":3,"column":24}},"3":{"start":{"line":4,"column":0},"end":{"line":4,"column":0}},"4":{"start":{"line":5,"column":0},"end":{"line":5,"column":19}},"5":{"start":{"line":6,"column":0},"end":{"line":6,"column":17}},"6":{"start":{"line":7,"column":0},"end":{"line":7,"column":19}},"7":{"start":{"line":8,"column":0},"end":{"line":8,"column":25}},"8":{"start":{"line":9,"column":0},"end":{"line":9,"column":1}},"9":{"start":{"line":10,"column":0},"end":{"line":10,"column":0}},"10":{"start":{"line":11,"column":0},"end":{"line":11,"column":21}},"11":{"start":{"line":12,"column":0},"end":{"line":12,"column":0}},"12":{"start":{"line":13,"column":0},"end":{"line":13,"column":36}},"13":{"start":{"line":14,"column":0},"end":{"line":14,"column":33}},"14":{"start":{"line":15,"column":0},"end":{"line":15,"column":34}},"15":{"start":{"line":16,"column":0},"end":{"line":16,"column":40}},"16":{"start":{"line":17,"column":0},"end":{"line":17,"column":36}},"17":{"start":{"line":18,"column":0},"end":{"line":18,"column":0}},"18":{"start":{"line":19,"column":0},"end":{"line":19,"column":34}},"19":{"start":{"line":20,"column":0},"end":{"line":20,"column":64}},"20":{"start":{"line":21,"column":0},"end":{"line":21,"column":25}},"21":{"start":{"line":22,"column":0},"end":{"line":22,"column":38}},"22":{"start":{"line":23,"column":0},"end":{"line":23,"column":29}},"23":{"start":{"line":24,"column":0},"end":{"line":24,"column":5}},"24":{"start":{"line":25,"column":0},"end":{"line":25,"column":0}},"25":{"start":{"line":26,"column":0},"end":{"line":26,"column":18}},"26":{"start":{"line":27,"column":0},"end":{"line":27,"column":0}},"27":{"start":{"line":28,"column":0},"end":{"line":28,"column":23}},"28":{"start":{"line":29,"column":0},"end":{"line":29,"column":39}},"29":{"start":{"line":30,"column":0},"end":{"line":30,"column":87}},"30":{"start":{"line":31,"column":0},"end":{"line":31,"column":35}},"31":{"start":{"line":32,"column":0},"end":{"line":32,"column":0}},"32":{"start":{"line":33,"column":0},"end":{"line":33,"column":25}},"33":{"start":{"line":34,"column":0},"end":{"line":34,"column":56}},"34":{"start":{"line":35,"column":0},"end":{"line":35,"column":0}},"35":{"start":{"line":36,"column":0},"end":{"line":36,"column":18}},"36":{"start":{"line":37,"column":0},"end":{"line":37,"column":36}},"37":{"start":{"line":38,"column":0},"end":{"line":38,"column":0}},"38":{"start":{"line":39,"column":0},"end":{"line":39,"column":15}},"39":{"start":{"line":40,"column":0},"end":{"line":40,"column":41}},"40":{"start":{"line":41,"column":0},"end":{"line":41,"column":98}},"41":{"start":{"line":42,"column":0},"end":{"line":42,"column":43}},"42":{"start":{"line":43,"column":0},"end":{"line":43,"column":11}},"43":{"start":{"line":44,"column":0},"end":{"line":44,"column":8}},"44":{"start":{"line":45,"column":0},"end":{"line":45,"column":64}},"45":{"start":{"line":46,"column":0},"end":{"line":46,"column":65}},"46":{"start":{"line":47,"column":0},"end":{"line":47,"column":12}},"47":{"start":{"line":48,"column":0},"end":{"line":48,"column":11}},"48":{"start":{"line":49,"column":0},"end":{"line":49,"column":5}},"49":{"start":{"line":50,"column":0},"end":{"line":50,"column":0}},"50":{"start":{"line":51,"column":0},"end":{"line":51,"column":20}},"51":{"start":{"line":52,"column":0},"end":{"line":52,"column":36}},"52":{"start":{"line":53,"column":0},"end":{"line":53,"column":5}},"53":{"start":{"line":54,"column":0},"end":{"line":54,"column":0}},"54":{"start":{"line":55,"column":0},"end":{"line":55,"column":1}}},"s":{"0":1,"1":1,"2":1,"3":1,"4":1,"5":1,"6":1,"7":1,"8":1,"9":1,"10":1,"11":1,"12":1,"13":1,"14":1,"15":1,"16":1,"17":1,"18":1,"19":1,"20":1,"21":1,"22":1,"23":1,"24":1,"25":1,"26":1,"27":1,"28":1,"29":1,"30":1,"31":1,"32":1,"33":1,"34":1,"35":1,"36":1,"37":1,"38":1,"39":1,"40":0,"41":0,"42":1,"43":1,"44":1,"45":1,"46":1,"47":1,"48":1,"49":1,"50":1,"51":1,"52":1,"53":1,"54":1},"branchMap":{"0":{"type":"branch","line":19,"loc":{"start":{"line":19,"column":4},"end":{"line":24,"column":5}},"locations":[{"start":{"line":19,"column":4},"end":{"line":24,"column":5}}]},"1":{"type":"branch","line":26,"loc":{"start":{"line":26,"column":10},"end":{"line":49,"column":5}},"locations":[{"start":{"line":26,"column":10},"end":{"line":49,"column":5}}]},"2":{"type":"branch","line":45,"loc":{"start":{"line":45,"column":57},"end":{"line":48,"column":9}},"locations":[{"start":{"line":45,"column":57},"end":{"line":48,"column":9}}]},"3":{"type":"branch","line":51,"loc":{"start":{"line":51,"column":11},"end":{"line":53,"column":5}},"locations":[{"start":{"line":51,"column":11},"end":{"line":53,"column":5}}]}},"b":{"0":[1],"1":[1],"2":[1],"3":[1]},"fnMap":{"0":{"name":"Server","decl":{"start":{"line":19,"column":4},"end":{"line":24,"column":5}},"loc":{"start":{"line":19,"column":4},"end":{"line":24,"column":5}},"line":19},"1":{"name":"start","decl":{"start":{"line":26,"column":10},"end":{"line":49,"column":5}},"loc":{"start":{"line":26,"column":10},"end":{"line":49,"column":5}},"line":26},"2":{"name":"close","decl":{"start":{"line":51,"column":11},"end":{"line":53,"column":5}},"loc":{"start":{"line":51,"column":11},"end":{"line":53,"column":5}},"line":51}},"f":{"0":1,"1":1,"2":1}}
,"C:\\Users\\kevin\\Documents\\Codigo\\Cursos\\NodeJs-De_cero_a_experto\\node-webrest-server-v2\\src\\presentation\\todos\\controller.ts": {"path":"C:\\Users\\kevin\\Documents\\Codigo\\Cursos\\NodeJs-De_cero_a_experto\\node-webrest-server-v2\\src\\presentation\\todos\\controller.ts","all":false,"statementMap":{"0":{"start":{"line":1,"column":0},"end":{"line":1,"column":44}},"1":{"start":{"line":2,"column":0},"end":{"line":2,"column":65}},"2":{"start":{"line":3,"column":0},"end":{"line":3,"column":116}},"3":{"start":{"line":4,"column":0},"end":{"line":4,"column":0}},"4":{"start":{"line":5,"column":0},"end":{"line":5,"column":30}},"5":{"start":{"line":6,"column":0},"end":{"line":6,"column":0}},"6":{"start":{"line":7,"column":0},"end":{"line":7,"column":33}},"7":{"start":{"line":8,"column":0},"end":{"line":8,"column":16}},"8":{"start":{"line":9,"column":0},"end":{"line":9,"column":55}},"9":{"start":{"line":10,"column":0},"end":{"line":10,"column":9}},"10":{"start":{"line":11,"column":0},"end":{"line":11,"column":0}},"11":{"start":{"line":12,"column":0},"end":{"line":12,"column":62}},"12":{"start":{"line":13,"column":0},"end":{"line":13,"column":110}},"13":{"start":{"line":14,"column":0},"end":{"line":14,"column":8}},"14":{"start":{"line":15,"column":0},"end":{"line":15,"column":85}},"15":{"start":{"line":16,"column":0},"end":{"line":16,"column":5}},"16":{"start":{"line":17,"column":0},"end":{"line":17,"column":0}},"17":{"start":{"line":18,"column":0},"end":{"line":18,"column":56}},"18":{"start":{"line":19,"column":0},"end":{"line":19,"column":0}},"19":{"start":{"line":20,"column":0},"end":{"line":20,"column":43}},"20":{"start":{"line":21,"column":0},"end":{"line":21,"column":22}},"21":{"start":{"line":22,"column":0},"end":{"line":22,"column":43}},"22":{"start":{"line":23,"column":0},"end":{"line":23,"column":58}},"23":{"start":{"line":24,"column":0},"end":{"line":24,"column":0}},"24":{"start":{"line":25,"column":0},"end":{"line":25,"column":5}},"25":{"start":{"line":26,"column":0},"end":{"line":26,"column":0}},"26":{"start":{"line":27,"column":0},"end":{"line":27,"column":59}},"27":{"start":{"line":28,"column":0},"end":{"line":28,"column":0}},"28":{"start":{"line":29,"column":0},"end":{"line":29,"column":34}},"29":{"start":{"line":30,"column":0},"end":{"line":30,"column":0}},"30":{"start":{"line":31,"column":0},"end":{"line":31,"column":40}},"31":{"start":{"line":32,"column":0},"end":{"line":32,"column":24}},"32":{"start":{"line":33,"column":0},"end":{"line":33,"column":41}},"33":{"start":{"line":34,"column":0},"end":{"line":34,"column":58}},"34":{"start":{"line":35,"column":0},"end":{"line":35,"column":0}},"35":{"start":{"line":36,"column":0},"end":{"line":36,"column":5}},"36":{"start":{"line":37,"column":0},"end":{"line":37,"column":0}},"37":{"start":{"line":38,"column":0},"end":{"line":38,"column":58}},"38":{"start":{"line":39,"column":0},"end":{"line":39,"column":0}},"39":{"start":{"line":40,"column":0},"end":{"line":40,"column":70}},"40":{"start":{"line":41,"column":0},"end":{"line":41,"column":58}},"41":{"start":{"line":42,"column":0},"end":{"line":42,"column":0}},"42":{"start":{"line":43,"column":0},"end":{"line":43,"column":43}},"43":{"start":{"line":44,"column":0},"end":{"line":44,"column":36}},"44":{"start":{"line":45,"column":0},"end":{"line":45,"column":53}},"45":{"start":{"line":46,"column":0},"end":{"line":46,"column":58}},"46":{"start":{"line":47,"column":0},"end":{"line":47,"column":0}},"47":{"start":{"line":48,"column":0},"end":{"line":48,"column":5}},"48":{"start":{"line":49,"column":0},"end":{"line":49,"column":0}},"49":{"start":{"line":50,"column":0},"end":{"line":50,"column":58}},"50":{"start":{"line":51,"column":0},"end":{"line":51,"column":0}},"51":{"start":{"line":52,"column":0},"end":{"line":52,"column":34}},"52":{"start":{"line":53,"column":0},"end":{"line":53,"column":81}},"53":{"start":{"line":54,"column":0},"end":{"line":54,"column":57}},"54":{"start":{"line":55,"column":0},"end":{"line":55,"column":0}},"55":{"start":{"line":56,"column":0},"end":{"line":56,"column":43}},"56":{"start":{"line":57,"column":0},"end":{"line":57,"column":36}},"57":{"start":{"line":58,"column":0},"end":{"line":58,"column":41}},"58":{"start":{"line":59,"column":0},"end":{"line":59,"column":58}},"59":{"start":{"line":60,"column":0},"end":{"line":60,"column":0}},"60":{"start":{"line":61,"column":0},"end":{"line":61,"column":5}},"61":{"start":{"line":62,"column":0},"end":{"line":62,"column":0}},"62":{"start":{"line":63,"column":0},"end":{"line":63,"column":58}},"63":{"start":{"line":64,"column":0},"end":{"line":64,"column":0}},"64":{"start":{"line":65,"column":0},"end":{"line":65,"column":34}},"65":{"start":{"line":66,"column":0},"end":{"line":66,"column":0}},"66":{"start":{"line":67,"column":0},"end":{"line":67,"column":43}},"67":{"start":{"line":68,"column":0},"end":{"line":68,"column":24}},"68":{"start":{"line":69,"column":0},"end":{"line":69,"column":41}},"69":{"start":{"line":70,"column":0},"end":{"line":70,"column":58}},"70":{"start":{"line":71,"column":0},"end":{"line":71,"column":0}},"71":{"start":{"line":72,"column":0},"end":{"line":72,"column":5}},"72":{"start":{"line":73,"column":0},"end":{"line":73,"column":1}}},"s":{"0":1,"1":1,"2":1,"3":1,"4":1,"5":1,"6":1,"7":1,"8":2,"9":2,"10":1,"11":1,"12":3,"13":0,"14":0,"15":0,"16":1,"17":1,"18":1,"19":1,"20":1,"21":1,"22":1,"23":1,"24":1,"25":1,"26":1,"27":2,"28":2,"29":2,"30":2,"31":2,"32":2,"33":2,"34":2,"35":2,"36":1,"37":1,"38":3,"39":3,"40":3,"41":1,"42":1,"43":1,"44":1,"45":1,"46":1,"47":1,"48":1,"49":1,"50":3,"51":3,"52":3,"53":3,"54":3,"55":3,"56":3,"57":3,"58":3,"59":3,"60":3,"61":1,"62":1,"63":2,"64":2,"65":2,"66":2,"67":2,"68":2,"69":2,"70":2,"71":2,"72":1},"branchMap":{"0":{"type":"branch","line":8,"loc":{"start":{"line":8,"column":4},"end":{"line":10,"column":9}},"locations":[{"start":{"line":8,"column":4},"end":{"line":10,"column":9}}]},"1":{"type":"branch","line":12,"loc":{"start":{"line":12,"column":26},"end":{"line":16,"column":5}},"locations":[{"start":{"line":12,"column":26},"end":{"line":16,"column":5}}]},"2":{"type":"branch","line":14,"loc":{"start":{"line":14,"column":-2},"end":{"line":16,"column":5}},"locations":[{"start":{"line":14,"column":-2},"end":{"line":16,"column":5}}]},"3":{"type":"branch","line":18,"loc":{"start":{"line":18,"column":22},"end":{"line":25,"column":5}},"locations":[{"start":{"line":18,"column":22},"end":{"line":25,"column":5}}]},"4":{"type":"branch","line":22,"loc":{"start":{"line":22,"column":18},"end":{"line":22,"column":42}},"locations":[{"start":{"line":22,"column":18},"end":{"line":22,"column":42}}]},"5":{"type":"branch","line":27,"loc":{"start":{"line":27,"column":25},"end":{"line":36,"column":5}},"locations":[{"start":{"line":27,"column":25},"end":{"line":36,"column":5}}]},"6":{"type":"branch","line":33,"loc":{"start":{"line":33,"column":18},"end":{"line":33,"column":40}},"locations":[{"start":{"line":33,"column":18},"end":{"line":33,"column":40}}]},"7":{"type":"branch","line":34,"loc":{"start":{"line":34,"column":19},"end":{"line":34,"column":56}},"locations":[{"start":{"line":34,"column":19},"end":{"line":34,"column":56}}]},"8":{"type":"branch","line":38,"loc":{"start":{"line":38,"column":24},"end":{"line":48,"column":5}},"locations":[{"start":{"line":38,"column":24},"end":{"line":48,"column":5}}]},"9":{"type":"branch","line":41,"loc":{"start":{"line":41,"column":19},"end":{"line":41,"column":58}},"locations":[{"start":{"line":41,"column":19},"end":{"line":41,"column":58}}]},"10":{"type":"branch","line":42,"loc":{"start":{"line":42,"column":-2},"end":{"line":48,"column":5}},"locations":[{"start":{"line":42,"column":-2},"end":{"line":48,"column":5}}]},"11":{"type":"branch","line":45,"loc":{"start":{"line":45,"column":18},"end":{"line":45,"column":52}},"locations":[{"start":{"line":45,"column":18},"end":{"line":45,"column":52}}]},"12":{"type":"branch","line":50,"loc":{"start":{"line":50,"column":24},"end":{"line":61,"column":5}},"locations":[{"start":{"line":50,"column":24},"end":{"line":61,"column":5}}]},"13":{"type":"branch","line":54,"loc":{"start":{"line":54,"column":19},"end":{"line":54,"column":57}},"locations":[{"start":{"line":54,"column":19},"end":{"line":54,"column":57}}]},"14":{"type":"branch","line":58,"loc":{"start":{"line":58,"column":18},"end":{"line":58,"column":40}},"locations":[{"start":{"line":58,"column":18},"end":{"line":58,"column":40}}]},"15":{"type":"branch","line":59,"loc":{"start":{"line":59,"column":19},"end":{"line":59,"column":56}},"locations":[{"start":{"line":59,"column":19},"end":{"line":59,"column":56}}]},"16":{"type":"branch","line":63,"loc":{"start":{"line":63,"column":24},"end":{"line":72,"column":5}},"locations":[{"start":{"line":63,"column":24},"end":{"line":72,"column":5}}]},"17":{"type":"branch","line":69,"loc":{"start":{"line":69,"column":18},"end":{"line":69,"column":40}},"locations":[{"start":{"line":69,"column":18},"end":{"line":69,"column":40}}]},"18":{"type":"branch","line":70,"loc":{"start":{"line":70,"column":19},"end":{"line":70,"column":56}},"locations":[{"start":{"line":70,"column":19},"end":{"line":70,"column":56}}]}},"b":{"0":[2],"1":[3],"2":[0],"3":[1],"4":[1],"5":[2],"6":[1],"7":[1],"8":[3],"9":[2],"10":[1],"11":[1],"12":[3],"13":[0],"14":[2],"15":[1],"16":[2],"17":[1],"18":[1]},"fnMap":{"0":{"name":"TodosController","decl":{"start":{"line":8,"column":4},"end":{"line":10,"column":9}},"loc":{"start":{"line":8,"column":4},"end":{"line":10,"column":9}},"line":8},"1":{"name":"TodosController.handleError","decl":{"start":{"line":12,"column":26},"end":{"line":16,"column":5}},"loc":{"start":{"line":12,"column":26},"end":{"line":16,"column":5}},"line":12},"2":{"name":"TodosController.getTodos","decl":{"start":{"line":18,"column":22},"end":{"line":25,"column":5}},"loc":{"start":{"line":18,"column":22},"end":{"line":25,"column":5}},"line":18},"3":{"name":"TodosController.getTodoById","decl":{"start":{"line":27,"column":25},"end":{"line":36,"column":5}},"loc":{"start":{"line":27,"column":25},"end":{"line":36,"column":5}},"line":27},"4":{"name":"TodosController.createTodo","decl":{"start":{"line":38,"column":24},"end":{"line":48,"column":5}},"loc":{"start":{"line":38,"column":24},"end":{"line":48,"column":5}},"line":38},"5":{"name":"TodosController.updateTodo","decl":{"start":{"line":50,"column":24},"end":{"line":61,"column":5}},"loc":{"start":{"line":50,"column":24},"end":{"line":61,"column":5}},"line":50},"6":{"name":"TodosController.deleteTodo","decl":{"start":{"line":63,"column":24},"end":{"line":72,"column":5}},"loc":{"start":{"line":63,"column":24},"end":{"line":72,"column":5}},"line":63}},"f":{"0":2,"1":3,"2":1,"3":2,"4":3,"5":3,"6":2}}
,"C:\\Users\\kevin\\Documents\\Codigo\\Cursos\\NodeJs-De_cero_a_experto\\node-webrest-server-v2\\tests\\test-server.ts": {"path":"C:\\Users\\kevin\\Documents\\Codigo\\Cursos\\NodeJs-De_cero_a_experto\\node-webrest-server-v2\\tests\\test-server.ts","all":false,"statementMap":{"0":{"start":{"line":1,"column":0},"end":{"line":1,"column":52}},"1":{"start":{"line":2,"column":0},"end":{"line":2,"column":42}},"2":{"start":{"line":3,"column":0},"end":{"line":3,"column":55}},"3":{"start":{"line":4,"column":0},"end":{"line":4,"column":0}},"4":{"start":{"line":5,"column":0},"end":{"line":5,"column":38}},"5":{"start":{"line":6,"column":0},"end":{"line":6,"column":20}},"6":{"start":{"line":7,"column":0},"end":{"line":7,"column":34}},"7":{"start":{"line":8,"column":0},"end":{"line":8,"column":28}},"8":{"start":{"line":9,"column":0},"end":{"line":9,"column":2}}},"s":{"0":1,"1":1,"2":1,"3":1,"4":1,"5":1,"6":1,"7":1,"8":1},"branchMap":{},"b":{},"fnMap":{},"f":{}}
}
